<?xml version="1.0" encoding="UTF-8"?>
<!-- Generated by org.testng.reporters.JUnitXMLReporter -->
<testsuite ignored="2" hostname="piuuu" failures="1" tests="1" name="Default test(failed)" time="4.608" errors="0" timestamp="2023-12-05T09:06:40 IST">
  <testcase classname="testcases.LoginpageTest" name="loginToApplication" time="0.46">
    <failure type="java.lang.NullPointerException" message="Cannot invoke &amp;quot;org.apache.poi.ss.usermodel.Cell.getStringCellValue()&amp;quot; because the return value of &amp;quot;org.apache.poi.ss.usermodel.Row.getCell(int)&amp;quot; is null">
      <![CDATA[java.lang.NullPointerException: Cannot invoke "org.apache.poi.ss.usermodel.Cell.getStringCellValue()" because the return value of "org.apache.poi.ss.usermodel.Row.getCell(int)" is null
at utility.ReadData.readExcel(ReadData.java:26)
at testcases.LoginpageTest.loginToApplication(LoginpageTest.java:44)
at java.base/java.util.ArrayList.forEach(ArrayList.java:1511)
... Removed 27 stack frames]]>
    </failure>
  </testcase> <!-- loginToApplication -->
  <testcase classname="testcases.LoginpageTest" name="verifyTitleofApplicationTest" time="0.0">
    <ignored/>
  </testcase> <!-- verifyTitleofApplicationTest -->
  <testcase classname="testcases.LoginpageTest" name="verifyURLofApplication" time="0.0">
    <ignored/>
  </testcase> <!-- verifyURLofApplication -->
</testsuite> <!-- Default test(failed) -->
