<?xml version="1.0" encoding="UTF-8"?>
<!-- Generated by org.testng.reporters.JUnitXMLReporter -->
<testsuite ignored="3" hostname="piuuu" failures="0" tests="1" name="Default test" time="3.598" errors="0" timestamp="2024-01-02T15:02:08 IST">
  <testcase classname="testcases.Inventory_page_2test" name="verityfooterLinkTest" time="0.032"/>
  <testcase classname="testcases.Inventory_page_2test" name="verifyproductlableTest" time="0.0">
    <ignored/>
  </testcase> <!-- verifyproductlableTest -->
  <testcase classname="testcases.Inventory_page_2test" name="add6productsTest" time="0.0">
    <ignored/>
  </testcase> <!-- add6productsTest -->
  <testcase classname="testcases.Inventory_page_2test" name="remove2ProductsTest" time="0.0">
    <ignored/>
  </testcase> <!-- remove2ProductsTest -->
</testsuite> <!-- Default test -->
