<?xml version="1.0" encoding="UTF-8"?>
<!-- Generated by org.testng.reporters.JUnitXMLReporter -->
<testsuite ignored="2" hostname="piuuu" failures="0" tests="1" name="Default test(failed)(failed)" time="4.605" errors="0" timestamp="2023-12-05T09:07:04 IST">
  <testcase classname="testcases.LoginpageTest" name="loginToApplication" time="0.706"/>
  <testcase classname="testcases.LoginpageTest" name="verifyTitleofApplicationTest" time="0.0">
    <ignored/>
  </testcase> <!-- verifyTitleofApplicationTest -->
  <testcase classname="testcases.LoginpageTest" name="verifyURLofApplication" time="0.0">
    <ignored/>
  </testcase> <!-- verifyURLofApplication -->
</testsuite> <!-- Default test(failed)(failed) -->
