<?xml version="1.0" encoding="UTF-8"?>
<!-- Generated by org.testng.reporters.JUnitXMLReporter -->
<testsuite ignored="5" hostname="piuuu" failures="0" tests="3" name="Test_groups" time="14.196" errors="0" timestamp="2024-01-03T13:48:44 IST">
  <testcase classname="testcases.Inventory_page_2test" name="remove2ProductsTest" time="3.662"/>
  <testcase classname="testcases.Inventory_page_2test" name="verityfooterLinkTest" time="0.024"/>
  <testcase classname="testcases.LoginpageTest" name="loginToApplication" time="0.171"/>
  <testcase classname="testcases.Inventory_page_2test" name="add6productsTest" time="0.0">
    <ignored/>
  </testcase> <!-- add6productsTest -->
  <testcase classname="testcases.Inventory_page_2test" name="verifyproductlableTest" time="0.0">
    <ignored/>
  </testcase> <!-- verifyproductlableTest -->
  <testcase classname="testcases.LoginpageTest" name="verifyTitleofApplicationTest" time="0.0">
    <ignored/>
  </testcase> <!-- verifyTitleofApplicationTest -->
  <testcase classname="testcases.Inventory_page_2test" name="veriftyLogoTest" time="0.0">
    <ignored/>
  </testcase> <!-- veriftyLogoTest -->
  <testcase classname="testcases.LoginpageTest" name="verifyURLofApplication" time="0.0">
    <ignored/>
  </testcase> <!-- verifyURLofApplication -->
</testsuite> <!-- Test_groups -->
