<?xml version="1.0" encoding="UTF-8"?>
<!-- Generated by org.testng.reporters.JUnitXMLReporter -->
<testsuite ignored="0" hostname="piuuu" failures="0" tests="30" name="Test" time="97.826" errors="0" timestamp="2024-01-02T15:06:05 IST">
  <testcase classname="testcases.Checkout_page1_Test" name="VerifyURLofcheckoutpage1Test" time="0.011"/>
  <testcase classname="testcases.Checkout_page1_Test" name="inputinformationTest" time="0.164"/>
  <testcase classname="testcases.Checkout_page1_Test" name="verifyVerifycheckoutpagetexTtest" time="0.021"/>
  <testcase classname="testcases.Inventory_page_2test" name="add6productsTest" time="1.142"/>
  <testcase classname="testcases.Inventory_page_2test" name="remove2ProductsTest" time="3.418"/>
  <testcase classname="testcases.Inventory_page_2test" name="verifyproductlableTest" time="0.045"/>
  <testcase classname="testcases.Inventory_page_2test" name="verityfooterLinkTest" time="0.024"/>
  <testcase classname="testcases.LoginpageTest" name="loginToApplication" time="0.174"/>
  <testcase classname="testcases.LoginpageTest" name="verifyTitleofApplicationTest" time="0.034"/>
  <testcase classname="testcases.LoginpageTest" name="verifyURLofApplication" time="0.028"/>
  <testcase classname="testcases.Checkout_Page2_Test" name="VerifyCheckoutpage2TextTest" time="0.014"/>
  <testcase classname="testcases.Checkout_Page2_Test" name="verifyClickonfinishbtnTest" time="0.041"/>
  <testcase classname="testcases.Cart_page_Test" name="VerifyURLofCartPageTest" time="0.004"/>
  <testcase classname="testcases.Cart_page_Test" name="VerifyshoppingCartPageTest" time="0.045"/>
  <testcase classname="testcases.Cart_page_Test" name="remove3productsCartPage" time="4.133"/>
  <testcase classname="testcases.Cart_page_Test" name="verifyCartTitleTest" time="0.013"/>
  <testcase classname="testcases.Cart_page_Test" name="verifyURLofCheckOutPageTest" time="0.036"/>
  <testcase classname="testcases.Cart_page_Test" name="verifycartTwitterlogo" time="0.014"/>
  <testcase classname="testcases.Cart_page_Test" name="verifycheckoutbuttonTest" time="0.016"/>
  <testcase classname="testcases.Cart_page_Test" name="verifydescriptiontest" time="0.007"/>
  <testcase classname="testcases.Cart_page_Test" name="verifyfacebooklogo" time="0.017"/>
  <testcase classname="testcases.Cart_page_Test" name="verifyfootertext" time="0.019"/>
  <testcase classname="testcases.Cart_page_Test" name="verifylinkdinlogo" time="0.008"/>
  <testcase classname="testcases.Cart_page_Test" name="verifythreedoticon" time="0.004"/>
  <testcase classname="testcases.Complete_PageTest" name="VerifyThankyouTextTest" time="0.015"/>
  <testcase classname="testcases.Complete_PageTest" name="VerifybackhomebtnTest" time="0.047"/>
  <testcase classname="testcases.Complete_PageTest" name="VerifycompletetextTest" time="0.015"/>
  <testcase classname="testcases.Complete_PageTest" name="VerifyURLofcompletepageTest" time="0.005"/>
  <testcase classname="testcases.Complete_PageTest" name="VerifycompletepagetxtlableTest" time="0.014"/>
  <testcase classname="testcases.Complete_PageTest" name="VerifyDisplayimageTest" time="0.02"/>
</testsuite> <!-- Test -->
