<?xml version="1.0" encoding="UTF-8"?>
<!-- Generated by org.testng.reporters.JUnitReportReporter -->
<testsuite hostname="piuuu" failures="0" tests="2" name="testcases.Inventory_page_2test" time="10.353" errors="0" timestamp="2024-01-03T13:48:44 IST" skipped="0">
  <testcase classname="testcases.Inventory_page_2test" name="remove2ProductsTest" time="7.757"/>
  <system-out>
    <![CDATA[count of product after removing = 4]]>
  </system-out>
  <testcase classname="testcases.Inventory_page_2test" name="verityfooterLinkTest" time="2.596"/>
  <system-out>
    <![CDATA[text of footer link© 2024 Sauce Labs. All Rights Reserved. Terms of Service | Privacy Policy]]>
  </system-out>
</testsuite> <!-- testcases.Inventory_page_2test -->
